[20Dec2024 00:00:17.735] [Server thread/WARN] [net.minecraft.server.network.ServerGamePacketListenerImpl/]: jonathan1122 moved too quickly! 15720.514433817343,-87.92159999847412,-8347.969011817167
[20Dec2024 00:01:50.570] [Server thread/INFO] [net.minecraft.server.MinecraftServer/]: joaco_tomsk has made the advancement [Ol' Betsy]
[20Dec2024 00:02:06.971] [Server thread/INFO] [net.minecraft.server.MinecraftServer/]: jonathan1122 has reached the goal [Mighty Stroganoff]
[20Dec2024 00:02:41.447] [Server thread/INFO] [net.minecraft.server.MinecraftServer/]: joaco_tomsk has made the advancement [What a Deal!]
[20Dec2024 00:04:25.223] [Server thread/INFO] [net.minecraft.server.MinecraftServer/]: jonathan1122 has reached the goal [Hydra Slayer]
[20Dec2024 00:06:07.822] [Server thread/INFO] [net.minecraft.server.MinecraftServer/]: joaco_tomsk has made the advancement [Voluntary Exile]
[20Dec2024 00:08:39.342] [Server thread/INFO] [net.minecraft.server.MinecraftServer/]: jonathan1122 has reached the goal [Alpha Fur]
[20Dec2024 00:14:04.217] [Server thread/INFO] [net.minecraft.server.network.ServerGamePacketListenerImpl/]: jonathan1122 lost connection: Disconnected
[20Dec2024 00:14:04.218] [Server thread/INFO] [net.minecraft.server.MinecraftServer/]: jonathan1122 left the game
[20Dec2024 00:14:05.760] [Server thread/INFO] [net.minecraft.server.MinecraftServer/]: joaco_tomsk has reached the goal [Postmortal]
[20Dec2024 00:20:12.504] [Server thread/INFO] [net.minecraft.world.entity.npc.Villager/]: Villager Villager['Unemployed'/61467, l='ServerLevel[world]', x=-2660.68, y=68.42, z=-2446.41] died, message: 'Unemployed went up in flames'
[20Dec2024 00:20:17.702] [Server thread/INFO] [net.minecraft.world.entity.npc.Villager/]: Villager Villager['Unemployed'/61466, l='ServerLevel[world]', x=-2665.59, y=70.00, z=-2442.49] died, message: 'Unemployed went up in flames'
[20Dec2024 00:21:35.179] [Server thread/INFO] [net.minecraft.server.players.PlayerList/]: jonathan1122[/127.169.8.59:46235] logged in with entity id 72268 at (17962.30000001192, 11.0, -10183.434425059024)
[20Dec2024 00:21:35.190] [Server thread/INFO] [net.minecraft.server.MinecraftServer/]: jonathan1122 joined the game
[20Dec2024 00:21:35.206] [Server thread/INFO] [Jade/]: Syncing config to jonathan1122 (a07659a6-8778-3286-b26a-0e06bd88dc78)
[20Dec2024 00:29:13.337] [Server thread/INFO] [net.minecraft.server.players.PlayerList/]: 9zcoloskibidi[/127.213.240.60:57917] logged in with entity id 75628 at (7962.147991513623, 98.0, 3586.2741383105904)
[20Dec2024 00:29:13.342] [Server thread/INFO] [net.minecraft.server.MinecraftServer/]: 9zcoloskibidi joined the game
[20Dec2024 00:29:13.356] [Server thread/INFO] [Jade/]: Syncing config to 9zcoloskibidi (9c72afac-23ff-3bb2-8fc8-2fdde0bc9112)
[20Dec2024 00:33:09.422] [Server thread/WARN] [net.minecraft.server.network.ServerGamePacketListenerImpl/]: 9zcoloskibidi moved too quickly! 33.812023300989495,118.0,-124.73327393805585
[20Dec2024 00:33:13.155] [Server thread/WARN] [net.minecraft.server.MinecraftServer/]: Can't keep up! Is the server overloaded? Running 2005ms or 40 ticks behind
[20Dec2024 00:36:10.253] [Server thread/INFO] [net.minecraft.server.network.ServerGamePacketListenerImpl/]: 9zcoloskibidi lost connection: Disconnected
[20Dec2024 00:36:10.254] [Server thread/INFO] [net.minecraft.server.MinecraftServer/]: 9zcoloskibidi left the game
[20Dec2024 00:36:44.166] [Server thread/INFO] [net.minecraft.server.MinecraftServer/]: [Not Secure] <joaco_tomsk> facu
[20Dec2024 00:36:45.824] [Server thread/INFO] [net.minecraft.server.MinecraftServer/]: [Not Secure] <jonathan1122> q
[20Dec2024 00:36:49.625] [Server thread/INFO] [net.minecraft.server.MinecraftServer/]: [Not Secure] <joaco_tomsk> encontre un jefe para vos
[20Dec2024 00:36:53.698] [Server thread/INFO] [net.minecraft.server.MinecraftServer/]: [Not Secure] <jonathan1122> cual es
[20Dec2024 00:37:02.375] [Server thread/INFO] [net.minecraft.server.MinecraftServer/]: [Not Secure] <joaco_tomsk> Frostmaw
[20Dec2024 00:37:11.284] [Server thread/INFO] [net.minecraft.server.MinecraftServer/]: [Not Secure] <jonathan1122> voy
[20Dec2024 00:37:30.581] [Server thread/INFO] [net.minecraft.server.MinecraftServer/]: [Not Secure] <jonathan1122> coords?
[20Dec2024 00:37:36.419] [Server thread/INFO] [net.minecraft.server.MinecraftServer/]: [Not Secure] <joaco_tomsk> -3428 -3465
[20Dec2024 00:42:03.368] [Server thread/INFO] [net.minecraft.server.MinecraftServer/]: jonathan1122 has completed the challenge [Rude Awakening]
[20Dec2024 00:42:15.223] [Server thread/INFO] [net.minecraft.server.MinecraftServer/]: [Not Secure] <jonathan1122> me encontre otro de camino ahi
[20Dec2024 00:44:43.870] [Server thread/INFO] [net.minecraft.world.entity.npc.Villager/]: Villager Villager['Unemployed'/84858, l='ServerLevel[world]', x=-3656.56, y=109.00, z=-3173.70] died, message: 'Unemployed was slain by joaco_tomsk'
[20Dec2024 00:44:56.673] [Server thread/INFO] [net.minecraft.world.entity.npc.Villager/]: Villager Villager['Farmer'/85035, l='ServerLevel[world]', x=-3646.33, y=108.94, z=-3162.41] died, message: 'Farmer was smitten by joaco_tomsk'
[20Dec2024 00:45:23.700] [Server thread/INFO] [net.minecraft.world.entity.npc.Villager/]: Villager Villager['Unemployed'/85034, l='ServerLevel[world]', x=-3655.58, y=113.00, z=-3180.85] died, message: 'Unemployed was slain by joaco_tomsk'
[20Dec2024 00:46:36.194] [Server thread/WARN] [net.minecraft.server.network.ServerGamePacketListenerImpl/]: joaco_tomsk moved wrongly!
[20Dec2024 00:46:59.830] [Server thread/INFO] [net.minecraft.server.MinecraftServer/]: [Not Secure] <joaco_tomsk> avisame cuando llegues
[20Dec2024 00:47:35.014] [Server thread/INFO] [net.minecraft.server.MinecraftServer/]: [Not Secure] <jonathan1122> tranqui, yo estoy peleando contra otro jefe ahora
[20Dec2024 00:47:41.083] [Server thread/INFO] [net.minecraft.server.MinecraftServer/]: [Not Secure] <joaco_tomsk> a bueno
